<?xml version="1.0" encoding="UTF-8"?>
<!-- Generated by org.testng.reporters.JUnitReportReporter -->
<testsuite hostname="Macs-MacBook-Pro.local" failures="0" tests="1" name="com.w3schools.tests.LoginTest" time="14.034" errors="0" timestamp="2023-04-06T11:52:22 IST" skipped="0">
  <testcase classname="com.w3schools.tests.LoginTest" name="loginTest" time="14.034"/>
  <system-out/>
</testsuite> <!-- com.w3schools.tests.LoginTest -->
